[debug] [2023-06-10T19:10:15.244Z] ----------------------------------------------------------------------
[debug] [2023-06-10T19:10:15.247Z] Command:       C:\Program Files\nodejs\node.exe C:\Users\Aditya\AppData\Roaming\npm\node_modules\firebase-tools\lib\bin\firebase.js init
[debug] [2023-06-10T19:10:15.247Z] CLI Version:   12.3.1
[debug] [2023-06-10T19:10:15.248Z] Platform:      win32
[debug] [2023-06-10T19:10:15.248Z] Node Version:  v18.12.1
[debug] [2023-06-10T19:10:15.249Z] Time:          Sun Jun 11 2023 00:40:15 GMT+0530 (India Standard Time)
[debug] [2023-06-10T19:10:15.250Z] ----------------------------------------------------------------------
[debug] 
[debug] [2023-06-10T19:10:15.262Z] > command requires scopes: ["email","openid","https://www.googleapis.com/auth/cloudplatformprojects.readonly","https://www.googleapis.com/auth/firebase","https://www.googleapis.com/auth/cloud-platform"]
[debug] [2023-06-10T19:10:15.263Z] > authorizing via signed-in user (andywilson330271@gmail.com)
[info] 
     ######## #### ########  ######## ########     ###     ######  ########
     ##        ##  ##     ## ##       ##     ##  ##   ##  ##       ##
     ######    ##  ########  ######   ########  #########  ######  ######
     ##        ##  ##    ##  ##       ##     ## ##     ##       ## ##
     ##       #### ##     ## ######## ########  ##     ##  ######  ########

You're about to initialize a Firebase project in this directory:

  C:\My Web Sites\loan\webdevcode.com\html\outside loan

Before we get started, keep in mind:

  * You are currently outside your home directory

[info] 
=== Project Setup
[info] 
[info] First, let's associate this project directory with a Firebase project.
[info] You can create multiple project aliases by running firebase use --add, 
[info] but for now we'll just set up a default project.
[info] 
[debug] [2023-06-10T19:11:54.700Z] >>> [apiv2][query] GET https://firebase.googleapis.com/v1beta1/projects pageSize=100
[debug] [2023-06-10T19:11:56.999Z] <<< [apiv2][status] GET https://firebase.googleapis.com/v1beta1/projects 200
[debug] [2023-06-10T19:11:57.000Z] <<< [apiv2][body] GET https://firebase.googleapis.com/v1beta1/projects [omitted]
[info] i  Using project outsideloan (outsideloan) 
[info] 
=== Hosting Setup
[info] 
[info] Your public directory is the folder (relative to your project directory) that
[info] will contain Hosting assets to be uploaded with firebase deploy. If you
[info] have a build process for your assets, use your build's output directory.
[info] 
